Iniciando o servico na porta:  11001
Traceback (most recent call last):
  File "/home/pedro/Develop/metrics-prometheus/app/app.py", line 54, in <module>
    time.sleep(10)
KeyboardInterrupt
Iniciando o servico na porta:  11001
Traceback (most recent call last):
  File "/home/pedro/Develop/metrics-prometheus/app/app.py", line 54, in <module>
    time.sleep(10)
KeyboardInterrupt
Iniciando o servico na porta:  11001
Traceback (most recent call last):
  File "/home/pedro/Develop/metrics-prometheus/app/app.py", line 54, in <module>
KeyboardInterrupt
Iniciando o servico na porta:  11001
Traceback (most recent call last):
  File "/home/pedro/Develop/metrics-prometheus/app/app.py", line 48, in <module>
    time.sleep(10)
KeyboardInterrupt
Iniciando o servico na porta:  11001
Traceback (most recent call last):
  File "/home/pedro/Develop/metrics-prometheus/app/app.py", line 46, in <module>
    i.info({var_app: os.getenv(var_app)+"->"+m})
TypeError: can only concatenate str (not "int") to str
